<?xml version="1.0" encoding="UTF-8"?>
<testng-results ignored="0" total="1" passed="1" failed="0" skipped="0">
  <reporter-output>
  </reporter-output>
  <suite started-at="2020-06-15T17:52:33Z" name="Default suite" finished-at="2020-06-15T17:52:33Z" duration-ms="195">
    <groups>
    </groups>
    <test started-at="2020-06-15T17:52:33Z" name="Default test" finished-at="2020-06-15T17:52:33Z" duration-ms="195">
      <class name="PrimeNumberValidation.PrimeNumberValidation.PrimeNumberProgram">
        <test-method signature="first100PrimeNumbers()[pri:0, instance:PrimeNumberValidation.PrimeNumberValidation.PrimeNumberProgram@d35dea7]" started-at="2020-06-15T17:52:33Z" name="first100PrimeNumbers" finished-at="2020-06-15T17:52:33Z" duration-ms="140" status="PASS">
          <reporter-output>
          </reporter-output>
        </test-method> <!-- first100PrimeNumbers -->
      </class> <!-- PrimeNumberValidation.PrimeNumberValidation.PrimeNumberProgram -->
    </test> <!-- Default test -->
  </suite> <!-- Default suite -->
</testng-results>
