<?xml version="1.0" encoding="UTF-8"?>
<!-- Generated by org.testng.reporters.JUnitXMLReporter -->
<testsuite ignored="0" hostname="DESKTOP-EOAIVF8" failures="0" tests="5" name="Paytm API Test Cases" time="7.448" errors="0" timestamp="17 Jun 2020 11:01:37 GMT">
  <testcase classname="com.paytm.qa.testcases.TC001_GETStatusCode" name="verifyStatusDetails" time="3.498"/>
  <testcase classname="com.paytm.qa.testcases.TC002_MoviePosterURL" name="verifyMoviePosterURL" time="1.032"/>
  <testcase classname="com.paytm.qa.testcases.TC003_UniqueMovieCode" name="verifyUniqueMovieCode" time="0.404"/>
  <testcase classname="com.paytm.qa.testcases.TC004_UniqueLanguage" name="verifyUniqueLanguage" time="0.39"/>
  <testcase classname="com.paytm.qa.testcases.TC005_printMovieNamesInExcel" name="writeMovieNamesinExcel" time="2.054"/>
</testsuite> <!-- Paytm API Test Cases -->
